This is pdfTeX, Version 3.1415926-2.4-1.40.13 (MiKTeX 2.9 64-bit) (preloaded format=pdflatex 2015.2.26)  1 APR 2015 01:15
entering extended mode
**Appunti.tex

(C:\Users\SilviaC\Documents\ing_inf_aut\sicurezza_informatica\appunti_sicurezza
_informatica_unipg\Appunti.tex
LaTeX2e <2011/06/27>
Babel <v3.8m> and hyphenation patterns for english, afrikaans, ancientgreek, ar
abic, armenian, assamese, basque, bengali, bokmal, bulgarian, catalan, coptic, 
croatian, czech, danish, dutch, esperanto, estonian, farsi, finnish, french, ga
lician, german, german-x-2012-05-30, greek, gujarati, hindi, hungarian, iceland
ic, indonesian, interlingua, irish, italian, kannada, kurmanji, latin, latvian,
 lithuanian, malayalam, marathi, mongolian, mongolianlmc, monogreek, ngerman, n
german-x-2012-05-30, nynorsk, oriya, panjabi, pinyin, polish, portuguese, roman
ian, russian, sanskrit, serbian, slovak, slovenian, spanish, swedish, swissgerm
an, tamil, telugu, turkish, turkmen, ukenglish, ukrainian, uppersorbian, usengl
ishmax, welsh, loaded.
("C:\Program Files\MiKTeX 2.9\tex\latex\base\book.cls"
Document Class: book 2007/10/19 v1.4h Standard LaTeX document class
("C:\Program Files\MiKTeX 2.9\tex\latex\base\bk10.clo"
File: bk10.clo 2007/10/19 v1.4h Standard LaTeX file (size option)
)
\c@part=\count79
\c@chapter=\count80
\c@section=\count81
\c@subsection=\count82
\c@subsubsection=\count83
\c@paragraph=\count84
\c@subparagraph=\count85
\c@figure=\count86
\c@table=\count87
\abovecaptionskip=\skip41
\belowcaptionskip=\skip42
\bibindent=\dimen102
)
("C:\Program Files\MiKTeX 2.9\tex\latex\lm\lmodern.sty"
Package: lmodern 2009/10/30 v1.6 Latin Modern Fonts
LaTeX Font Info:    Overwriting symbol font `operators' in version `normal'
(Font)                  OT1/cmr/m/n --> OT1/lmr/m/n on input line 22.
LaTeX Font Info:    Overwriting symbol font `letters' in version `normal'
(Font)                  OML/cmm/m/it --> OML/lmm/m/it on input line 23.
LaTeX Font Info:    Overwriting symbol font `symbols' in version `normal'
(Font)                  OMS/cmsy/m/n --> OMS/lmsy/m/n on input line 24.
LaTeX Font Info:    Overwriting symbol font `largesymbols' in version `normal'
(Font)                  OMX/cmex/m/n --> OMX/lmex/m/n on input line 25.
LaTeX Font Info:    Overwriting symbol font `operators' in version `bold'
(Font)                  OT1/cmr/bx/n --> OT1/lmr/bx/n on input line 26.
LaTeX Font Info:    Overwriting symbol font `letters' in version `bold'
(Font)                  OML/cmm/b/it --> OML/lmm/b/it on input line 27.
LaTeX Font Info:    Overwriting symbol font `symbols' in version `bold'
(Font)                  OMS/cmsy/b/n --> OMS/lmsy/b/n on input line 28.
LaTeX Font Info:    Overwriting symbol font `largesymbols' in version `bold'
(Font)                  OMX/cmex/m/n --> OMX/lmex/m/n on input line 29.
LaTeX Font Info:    Overwriting math alphabet `\mathbf' in version `normal'
(Font)                  OT1/cmr/bx/n --> OT1/lmr/bx/n on input line 31.
LaTeX Font Info:    Overwriting math alphabet `\mathsf' in version `normal'
(Font)                  OT1/cmss/m/n --> OT1/lmss/m/n on input line 32.
LaTeX Font Info:    Overwriting math alphabet `\mathit' in version `normal'
(Font)                  OT1/cmr/m/it --> OT1/lmr/m/it on input line 33.
LaTeX Font Info:    Overwriting math alphabet `\mathtt' in version `normal'
(Font)                  OT1/cmtt/m/n --> OT1/lmtt/m/n on input line 34.
LaTeX Font Info:    Overwriting math alphabet `\mathbf' in version `bold'
(Font)                  OT1/cmr/bx/n --> OT1/lmr/bx/n on input line 35.
LaTeX Font Info:    Overwriting math alphabet `\mathsf' in version `bold'
(Font)                  OT1/cmss/bx/n --> OT1/lmss/bx/n on input line 36.
LaTeX Font Info:    Overwriting math alphabet `\mathit' in version `bold'
(Font)                  OT1/cmr/bx/it --> OT1/lmr/bx/it on input line 37.
LaTeX Font Info:    Overwriting math alphabet `\mathtt' in version `bold'
(Font)                  OT1/cmtt/m/n --> OT1/lmtt/m/n on input line 38.
)
("C:\Program Files\MiKTeX 2.9\tex\latex\base\fontenc.sty"
Package: fontenc 2005/09/27 v1.99g Standard LaTeX package

("C:\Program Files\MiKTeX 2.9\tex\latex\base\t1enc.def"
File: t1enc.def 2005/09/27 v1.99g Standard LaTeX file
LaTeX Font Info:    Redeclaring font encoding T1 on input line 43.
))
("C:\Program Files\MiKTeX 2.9\tex\latex\base\inputenc.sty"
Package: inputenc 2008/03/30 v1.1d Input encoding file
\inpenc@prehook=\toks14
\inpenc@posthook=\toks15

("C:\Program Files\MiKTeX 2.9\tex\latex\base\utf8.def"
File: utf8.def 2008/04/05 v1.1m UTF-8 support for inputenc
Now handling font encoding OML ...
... no UTF-8 mapping file for font encoding OML
Now handling font encoding T1 ...
... processing UTF-8 mapping file for font encoding T1

("C:\Program Files\MiKTeX 2.9\tex\latex\base\t1enc.dfu"
File: t1enc.dfu 2008/04/05 v1.1m UTF-8 support for inputenc
   defining Unicode char U+00A1 (decimal 161)
   defining Unicode char U+00A3 (decimal 163)
   defining Unicode char U+00AB (decimal 171)
   defining Unicode char U+00BB (decimal 187)
   defining Unicode char U+00BF (decimal 191)
   defining Unicode char U+00C0 (decimal 192)
   defining Unicode char U+00C1 (decimal 193)
   defining Unicode char U+00C2 (decimal 194)
   defining Unicode char U+00C3 (decimal 195)
   defining Unicode char U+00C4 (decimal 196)
   defining Unicode char U+00C5 (decimal 197)
   defining Unicode char U+00C6 (decimal 198)
   defining Unicode char U+00C7 (decimal 199)
   defining Unicode char U+00C8 (decimal 200)
   defining Unicode char U+00C9 (decimal 201)
   defining Unicode char U+00CA (decimal 202)
   defining Unicode char U+00CB (decimal 203)
   defining Unicode char U+00CC (decimal 204)
   defining Unicode char U+00CD (decimal 205)
   defining Unicode char U+00CE (decimal 206)
   defining Unicode char U+00CF (decimal 207)
   defining Unicode char U+00D0 (decimal 208)
   defining Unicode char U+00D1 (decimal 209)
   defining Unicode char U+00D2 (decimal 210)
   defining Unicode char U+00D3 (decimal 211)
   defining Unicode char U+00D4 (decimal 212)
   defining Unicode char U+00D5 (decimal 213)
   defining Unicode char U+00D6 (decimal 214)
   defining Unicode char U+00D8 (decimal 216)
   defining Unicode char U+00D9 (decimal 217)
   defining Unicode char U+00DA (decimal 218)
   defining Unicode char U+00DB (decimal 219)
   defining Unicode char U+00DC (decimal 220)
   defining Unicode char U+00DD (decimal 221)
   defining Unicode char U+00DE (decimal 222)
   defining Unicode char U+00DF (decimal 223)
   defining Unicode char U+00E0 (decimal 224)
   defining Unicode char U+00E1 (decimal 225)
   defining Unicode char U+00E2 (decimal 226)
   defining Unicode char U+00E3 (decimal 227)
   defining Unicode char U+00E4 (decimal 228)
   defining Unicode char U+00E5 (decimal 229)
   defining Unicode char U+00E6 (decimal 230)
   defining Unicode char U+00E7 (decimal 231)
   defining Unicode char U+00E8 (decimal 232)
   defining Unicode char U+00E9 (decimal 233)
   defining Unicode char U+00EA (decimal 234)
   defining Unicode char U+00EB (decimal 235)
   defining Unicode char U+00EC (decimal 236)
   defining Unicode char U+00ED (decimal 237)
   defining Unicode char U+00EE (decimal 238)
   defining Unicode char U+00EF (decimal 239)
   defining Unicode char U+00F0 (decimal 240)
   defining Unicode char U+00F1 (decimal 241)
   defining Unicode char U+00F2 (decimal 242)
   defining Unicode char U+00F3 (decimal 243)
   defining Unicode char U+00F4 (decimal 244)
   defining Unicode char U+00F5 (decimal 245)
   defining Unicode char U+00F6 (decimal 246)
   defining Unicode char U+00F8 (decimal 248)
   defining Unicode char U+00F9 (decimal 249)
   defining Unicode char U+00FA (decimal 250)
   defining Unicode char U+00FB (decimal 251)
   defining Unicode char U+00FC (decimal 252)
   defining Unicode char U+00FD (decimal 253)
   defining Unicode char U+00FE (decimal 254)
   defining Unicode char U+00FF (decimal 255)
   defining Unicode char U+0102 (decimal 258)
   defining Unicode char U+0103 (decimal 259)
   defining Unicode char U+0104 (decimal 260)
   defining Unicode char U+0105 (decimal 261)
   defining Unicode char U+0106 (decimal 262)
   defining Unicode char U+0107 (decimal 263)
   defining Unicode char U+010C (decimal 268)
   defining Unicode char U+010D (decimal 269)
   defining Unicode char U+010E (decimal 270)
   defining Unicode char U+010F (decimal 271)
   defining Unicode char U+0110 (decimal 272)
   defining Unicode char U+0111 (decimal 273)
   defining Unicode char U+0118 (decimal 280)
   defining Unicode char U+0119 (decimal 281)
   defining Unicode char U+011A (decimal 282)
   defining Unicode char U+011B (decimal 283)
   defining Unicode char U+011E (decimal 286)
   defining Unicode char U+011F (decimal 287)
   defining Unicode char U+0130 (decimal 304)
   defining Unicode char U+0131 (decimal 305)
   defining Unicode char U+0132 (decimal 306)
   defining Unicode char U+0133 (decimal 307)
   defining Unicode char U+0139 (decimal 313)
   defining Unicode char U+013A (decimal 314)
   defining Unicode char U+013D (decimal 317)
   defining Unicode char U+013E (decimal 318)
   defining Unicode char U+0141 (decimal 321)
   defining Unicode char U+0142 (decimal 322)
   defining Unicode char U+0143 (decimal 323)
   defining Unicode char U+0144 (decimal 324)
   defining Unicode char U+0147 (decimal 327)
   defining Unicode char U+0148 (decimal 328)
   defining Unicode char U+014A (decimal 330)
   defining Unicode char U+014B (decimal 331)
   defining Unicode char U+0150 (decimal 336)
   defining Unicode char U+0151 (decimal 337)
   defining Unicode char U+0152 (decimal 338)
   defining Unicode char U+0153 (decimal 339)
   defining Unicode char U+0154 (decimal 340)
   defining Unicode char U+0155 (decimal 341)
   defining Unicode char U+0158 (decimal 344)
   defining Unicode char U+0159 (decimal 345)
   defining Unicode char U+015A (decimal 346)
   defining Unicode char U+015B (decimal 347)
   defining Unicode char U+015E (decimal 350)
   defining Unicode char U+015F (decimal 351)
   defining Unicode char U+0160 (decimal 352)
   defining Unicode char U+0161 (decimal 353)
   defining Unicode char U+0162 (decimal 354)
   defining Unicode char U+0163 (decimal 355)
   defining Unicode char U+0164 (decimal 356)
   defining Unicode char U+0165 (decimal 357)
   defining Unicode char U+016E (decimal 366)
   defining Unicode char U+016F (decimal 367)
   defining Unicode char U+0170 (decimal 368)
   defining Unicode char U+0171 (decimal 369)
   defining Unicode char U+0178 (decimal 376)
   defining Unicode char U+0179 (decimal 377)
   defining Unicode char U+017A (decimal 378)
   defining Unicode char U+017B (decimal 379)
   defining Unicode char U+017C (decimal 380)
   defining Unicode char U+017D (decimal 381)
   defining Unicode char U+017E (decimal 382)
   defining Unicode char U+200C (decimal 8204)
   defining Unicode char U+2013 (decimal 8211)
   defining Unicode char U+2014 (decimal 8212)
   defining Unicode char U+2018 (decimal 8216)
   defining Unicode char U+2019 (decimal 8217)
   defining Unicode char U+201A (decimal 8218)
   defining Unicode char U+201C (decimal 8220)
   defining Unicode char U+201D (decimal 8221)
   defining Unicode char U+201E (decimal 8222)
   defining Unicode char U+2030 (decimal 8240)
   defining Unicode char U+2031 (decimal 8241)
   defining Unicode char U+2039 (decimal 8249)
   defining Unicode char U+203A (decimal 8250)
   defining Unicode char U+2423 (decimal 9251)
)
Now handling font encoding OT1 ...
... processing UTF-8 mapping file for font encoding OT1

("C:\Program Files\MiKTeX 2.9\tex\latex\base\ot1enc.dfu"
File: ot1enc.dfu 2008/04/05 v1.1m UTF-8 support for inputenc
   defining Unicode char U+00A1 (decimal 161)
   defining Unicode char U+00A3 (decimal 163)
   defining Unicode char U+00B8 (decimal 184)
   defining Unicode char U+00BF (decimal 191)
   defining Unicode char U+00C5 (decimal 197)
   defining Unicode char U+00C6 (decimal 198)
   defining Unicode char U+00D8 (decimal 216)
   defining Unicode char U+00DF (decimal 223)
   defining Unicode char U+00E6 (decimal 230)
   defining Unicode char U+00EC (decimal 236)
   defining Unicode char U+00ED (decimal 237)
   defining Unicode char U+00EE (decimal 238)
   defining Unicode char U+00EF (decimal 239)
   defining Unicode char U+00F8 (decimal 248)
   defining Unicode char U+0131 (decimal 305)
   defining Unicode char U+0141 (decimal 321)
   defining Unicode char U+0142 (decimal 322)
   defining Unicode char U+0152 (decimal 338)
   defining Unicode char U+0153 (decimal 339)
   defining Unicode char U+2013 (decimal 8211)
   defining Unicode char U+2014 (decimal 8212)
   defining Unicode char U+2018 (decimal 8216)
   defining Unicode char U+2019 (decimal 8217)
   defining Unicode char U+201C (decimal 8220)
   defining Unicode char U+201D (decimal 8221)
)
Now handling font encoding OMS ...
... processing UTF-8 mapping file for font encoding OMS

("C:\Program Files\MiKTeX 2.9\tex\latex\base\omsenc.dfu"
File: omsenc.dfu 2008/04/05 v1.1m UTF-8 support for inputenc
   defining Unicode char U+00A7 (decimal 167)
   defining Unicode char U+00B6 (decimal 182)
   defining Unicode char U+00B7 (decimal 183)
   defining Unicode char U+2020 (decimal 8224)
   defining Unicode char U+2021 (decimal 8225)
   defining Unicode char U+2022 (decimal 8226)
)
Now handling font encoding OMX ...
... no UTF-8 mapping file for font encoding OMX
Now handling font encoding U ...
... no UTF-8 mapping file for font encoding U
   defining Unicode char U+00A9 (decimal 169)
   defining Unicode char U+00AA (decimal 170)
   defining Unicode char U+00AE (decimal 174)
   defining Unicode char U+00BA (decimal 186)
   defining Unicode char U+02C6 (decimal 710)
   defining Unicode char U+02DC (decimal 732)
   defining Unicode char U+200C (decimal 8204)
   defining Unicode char U+2026 (decimal 8230)
   defining Unicode char U+2122 (decimal 8482)
   defining Unicode char U+2423 (decimal 9251)
))
("C:\Program Files\MiKTeX 2.9\tex\latex\cite\cite.sty"
LaTeX Info: Redefining \cite on input line 302.
LaTeX Info: Redefining \nocite on input line 332.
Package: cite 2015/02/27  v 5.5
)
("C:\Program Files\MiKTeX 2.9\tex\generic\babel\babel.sty"
Package: babel 2008/07/08 v3.8m The Babel package

*************************************
* Local config file bblopts.cfg used
*
("C:\Program Files\MiKTeX 2.9\tex\latex\00miktex\bblopts.cfg"
File: bblopts.cfg 2006/07/31 v1.0 MiKTeX 'babel' configuration
)
("C:\Program Files\MiKTeX 2.9\tex\generic\babel\italian.ldf"
Language: italian 2008/03/14 v1.2t Italian support from the babel system

("C:\Program Files\MiKTeX 2.9\tex\generic\babel\babel.def"
File: babel.def 2008/07/08 v3.8m Babel common definitions
\babel@savecnt=\count88
\U@D=\dimen103
)
Package babel Info: Making " an active character on input line 94.
))
("C:\Program Files\MiKTeX 2.9\tex\latex\graphics\graphicx.sty"
Package: graphicx 1999/02/16 v1.0f Enhanced LaTeX Graphics (DPC,SPQR)

("C:\Program Files\MiKTeX 2.9\tex\latex\graphics\keyval.sty"
Package: keyval 1999/03/16 v1.13 key=value parser (DPC)
\KV@toks@=\toks16
)
("C:\Program Files\MiKTeX 2.9\tex\latex\graphics\graphics.sty"
Package: graphics 2009/02/05 v1.0o Standard LaTeX Graphics (DPC,SPQR)

("C:\Program Files\MiKTeX 2.9\tex\latex\graphics\trig.sty"
Package: trig 1999/03/16 v1.09 sin cos tan (DPC)
)
("C:\Program Files\MiKTeX 2.9\tex\latex\00miktex\graphics.cfg"
File: graphics.cfg 2007/01/18 v1.5 graphics configuration of teTeX/TeXLive
)
Package graphics Info: Driver file: pdftex.def on input line 91.

("C:\Program Files\MiKTeX 2.9\tex\latex\pdftex-def\pdftex.def"
File: pdftex.def 2011/05/27 v0.06d Graphics/color for pdfTeX

("C:\Program Files\MiKTeX 2.9\tex\generic\oberdiek\infwarerr.sty"
Package: infwarerr 2010/04/08 v1.3 Providing info/warning/error messages (HO)
)
("C:\Program Files\MiKTeX 2.9\tex\generic\oberdiek\ltxcmds.sty"
Package: ltxcmds 2011/11/09 v1.22 LaTeX kernel commands for general use (HO)
)
\Gread@gobject=\count89
))
\Gin@req@height=\dimen104
\Gin@req@width=\dimen105
)
("C:\Program Files\MiKTeX 2.9\tex\latex\listings\listings.sty"
\lst@mode=\count90
\lst@gtempboxa=\box26
\lst@token=\toks17
\lst@length=\count91
\lst@currlwidth=\dimen106
\lst@column=\count92
\lst@pos=\count93
\lst@lostspace=\dimen107
\lst@width=\dimen108
\lst@newlines=\count94
\lst@lineno=\count95
\lst@maxwidth=\dimen109

("C:\Program Files\MiKTeX 2.9\tex\latex\listings\lstmisc.sty"
File: lstmisc.sty 2014/09/06 1.5e (Carsten Heinz)
\c@lstnumber=\count96
\lst@skipnumbers=\count97
\lst@framebox=\box27
)
("C:\Program Files\MiKTeX 2.9\tex\latex\listings\listings.cfg"
File: listings.cfg 2014/09/06 1.5e listings configuration
))
Package: listings 2014/09/06 1.5e (Carsten Heinz)

("C:\Program Files\MiKTeX 2.9\tex\latex\graphics\color.sty"
Package: color 2005/11/14 v1.0j Standard LaTeX Color (DPC)

("C:\Program Files\MiKTeX 2.9\tex\latex\00miktex\color.cfg"
File: color.cfg 2007/01/18 v1.5 color configuration of teTeX/TeXLive
)
Package color Info: Driver file: pdftex.def on input line 130.
)
("C:\Program Files\MiKTeX 2.9\tex\latex\subfigure\subfigure.sty"
Package: subfigure 2002/07/30 v2.1.4 subfigure package
\subfigtopskip=\skip43
\subfigcapskip=\skip44
\subfigcaptopadj=\dimen110
\subfigbottomskip=\skip45
\subfigcapmargin=\dimen111
\subfiglabelskip=\skip46
\c@subfigure=\count98
\c@lofdepth=\count99
\c@subtable=\count100
\c@lotdepth=\count101

****************************************
* Local config file subfigure.cfg used *
****************************************
("C:\Program Files\MiKTeX 2.9\tex\latex\subfigure\subfigure.cfg")
\subfig@top=\skip47
\subfig@bottom=\skip48
)
(C:\Users\SilviaC\Documents\ing_inf_aut\sicurezza_informatica\appunti_sicurezza
_informatica_unipg\Pacchetti/algpseudocode.sty

LaTeX Warning: You have requested package `Pacchetti/algpseudocode',
               but the package provides `algpseudocode'.

Package: algpseudocode 
("C:\Program Files\MiKTeX 2.9\tex\latex\base\ifthen.sty"
Package: ifthen 2001/05/26 v1.1c Standard LaTeX ifthen package (DPC)
)
("C:\Program Files\MiKTeX 2.9\tex\latex\algorithmicx\algorithmicx.sty"
Package: algorithmicx 2005/04/27 v1.2 Algorithmicx

Document Style algorithmicx 1.2 - a greatly improved `algorithmic' style
\c@ALG@line=\count102
\c@ALG@rem=\count103
\c@ALG@nested=\count104
\ALG@tlm=\skip49
\ALG@thistlm=\skip50
\c@ALG@Lnr=\count105
\c@ALG@blocknr=\count106
\c@ALG@storecount=\count107
\c@ALG@tmpcounter=\count108
\ALG@tmplength=\skip51
)
Document Style - pseudocode environments for use with the `algorithmicx' style
)
(C:\Users\SilviaC\Documents\ing_inf_aut\sicurezza_informatica\appunti_sicurezza
_informatica_unipg\Pacchetti/algorithm.sty

LaTeX Warning: You have requested package `Pacchetti/algorithm',
               but the package provides `algorithm'.

Package: algorithm 2009/08/24 v0.1 Document Style `algorithm' - floating enviro
nment
("C:\Program Files\MiKTeX 2.9\tex\latex\float\float.sty"
Package: float 2001/11/08 v1.3d Float enhancements (AL)
\c@float@type=\count109
\float@exts=\toks18
\float@box=\box28
\@float@everytoks=\toks19
\@floatcapt=\box29
)
\@float@every@algorithm=\toks20
\c@algorithm=\count110
)
("C:\Program Files\MiKTeX 2.9\tex\latex\amsmath\amsmath.sty"
Package: amsmath 2013/01/14 v2.14 AMS math features
\@mathmargin=\skip52

For additional information on amsmath, use the `?' option.
("C:\Program Files\MiKTeX 2.9\tex\latex\amsmath\amstext.sty"
Package: amstext 2000/06/29 v2.01

("C:\Program Files\MiKTeX 2.9\tex\latex\amsmath\amsgen.sty"
File: amsgen.sty 1999/11/30 v2.0
\@emptytoks=\toks21
\ex@=\dimen112
))
("C:\Program Files\MiKTeX 2.9\tex\latex\amsmath\amsbsy.sty"
Package: amsbsy 1999/11/29 v1.2d
\pmbraise@=\dimen113
)
("C:\Program Files\MiKTeX 2.9\tex\latex\amsmath\amsopn.sty"
Package: amsopn 1999/12/14 v2.01 operator names
)
\inf@bad=\count111
LaTeX Info: Redefining \frac on input line 210.
\uproot@=\count112
\leftroot@=\count113
LaTeX Info: Redefining \overline on input line 306.
\classnum@=\count114
\DOTSCASE@=\count115
LaTeX Info: Redefining \ldots on input line 378.
LaTeX Info: Redefining \dots on input line 381.
LaTeX Info: Redefining \cdots on input line 466.
\Mathstrutbox@=\box30
\strutbox@=\box31
\big@size=\dimen114
LaTeX Font Info:    Redeclaring font encoding OML on input line 566.
LaTeX Font Info:    Redeclaring font encoding OMS on input line 567.
\macc@depth=\count116
\c@MaxMatrixCols=\count117
\dotsspace@=\muskip10
\c@parentequation=\count118
\dspbrk@lvl=\count119
\tag@help=\toks22
\row@=\count120
\column@=\count121
\maxfields@=\count122
\andhelp@=\toks23
\eqnshift@=\dimen115
\alignsep@=\dimen116
\tagshift@=\dimen117
\tagwidth@=\dimen118
\totwidth@=\dimen119
\lineht@=\dimen120
\@envbody=\toks24
\multlinegap=\skip53
\multlinetaggap=\skip54
\mathdisplay@stack=\toks25
LaTeX Info: Redefining \[ on input line 2665.
LaTeX Info: Redefining \] on input line 2666.
)
("C:\Program Files\MiKTeX 2.9\tex\latex\amsfonts\amsfonts.sty"
Package: amsfonts 2013/01/14 v3.01 Basic AMSFonts support
\symAMSa=\mathgroup4
\symAMSb=\mathgroup5
LaTeX Font Info:    Overwriting math alphabet `\mathfrak' in version `bold'
(Font)                  U/euf/m/n --> U/euf/b/n on input line 106.
)
("C:\Program Files\MiKTeX 2.9\tex\latex\amsfonts\amssymb.sty"
Package: amssymb 2013/01/14 v3.01 AMS font symbols
)
(C:\Users\SilviaC\Documents\ing_inf_aut\sicurezza_informatica\appunti_sicurezza
_informatica_unipg\Pacchetti/mcode.sty
-- Package: `mcode' 2.3 <2012/08/31> --

LaTeX Warning: You have requested package `Pacchetti/mcode',
               but the package provides `mcode'.

Package: mcode 2012/08/31 2.3
 - settings optimized for display (colour formating)
("C:\Program Files\MiKTeX 2.9\tex\latex\base\textcomp.sty"
Package: textcomp 2005/09/27 v1.99g Standard LaTeX package
Package textcomp Info: Sub-encoding information:
(textcomp)               5 = only ISO-Adobe without \textcurrency
(textcomp)               4 = 5 + \texteuro
(textcomp)               3 = 4 + \textohm
(textcomp)               2 = 3 + \textestimated + \textcurrency
(textcomp)               1 = TS1 - \textcircled - \t
(textcomp)               0 = TS1 (full)
(textcomp)             Font families with sub-encoding setting implement
(textcomp)             only a restricted character set as indicated.
(textcomp)             Family '?' is the default used for unknown fonts.
(textcomp)             See the documentation for details.
Package textcomp Info: Setting ? sub-encoding to TS1/1 on input line 71.

("C:\Program Files\MiKTeX 2.9\tex\latex\base\ts1enc.def"
File: ts1enc.def 2001/06/05 v3.0e (jk/car/fm) Standard LaTeX file
Now handling font encoding TS1 ...
... processing UTF-8 mapping file for font encoding TS1

("C:\Program Files\MiKTeX 2.9\tex\latex\base\ts1enc.dfu"
File: ts1enc.dfu 2008/04/05 v1.1m UTF-8 support for inputenc
   defining Unicode char U+00A2 (decimal 162)
   defining Unicode char U+00A3 (decimal 163)
   defining Unicode char U+00A4 (decimal 164)
   defining Unicode char U+00A5 (decimal 165)
   defining Unicode char U+00A6 (decimal 166)
   defining Unicode char U+00A7 (decimal 167)
   defining Unicode char U+00A8 (decimal 168)
   defining Unicode char U+00A9 (decimal 169)
   defining Unicode char U+00AA (decimal 170)
   defining Unicode char U+00AC (decimal 172)
   defining Unicode char U+00AE (decimal 174)
   defining Unicode char U+00AF (decimal 175)
   defining Unicode char U+00B0 (decimal 176)
   defining Unicode char U+00B1 (decimal 177)
   defining Unicode char U+00B2 (decimal 178)
   defining Unicode char U+00B3 (decimal 179)
   defining Unicode char U+00B4 (decimal 180)
   defining Unicode char U+00B5 (decimal 181)
   defining Unicode char U+00B6 (decimal 182)
   defining Unicode char U+00B7 (decimal 183)
   defining Unicode char U+00B9 (decimal 185)
   defining Unicode char U+00BA (decimal 186)
   defining Unicode char U+00BC (decimal 188)
   defining Unicode char U+00BD (decimal 189)
   defining Unicode char U+00BE (decimal 190)
   defining Unicode char U+00D7 (decimal 215)
   defining Unicode char U+00F7 (decimal 247)
   defining Unicode char U+0192 (decimal 402)
   defining Unicode char U+02C7 (decimal 711)
   defining Unicode char U+02D8 (decimal 728)
   defining Unicode char U+02DD (decimal 733)
   defining Unicode char U+0E3F (decimal 3647)
   defining Unicode char U+2016 (decimal 8214)
   defining Unicode char U+2020 (decimal 8224)
   defining Unicode char U+2021 (decimal 8225)
   defining Unicode char U+2022 (decimal 8226)
   defining Unicode char U+2030 (decimal 8240)
   defining Unicode char U+2031 (decimal 8241)
   defining Unicode char U+203B (decimal 8251)
   defining Unicode char U+203D (decimal 8253)
   defining Unicode char U+2044 (decimal 8260)
   defining Unicode char U+204E (decimal 8270)
   defining Unicode char U+2052 (decimal 8274)
   defining Unicode char U+20A1 (decimal 8353)
   defining Unicode char U+20A4 (decimal 8356)
   defining Unicode char U+20A6 (decimal 8358)
   defining Unicode char U+20A9 (decimal 8361)
   defining Unicode char U+20AB (decimal 8363)
   defining Unicode char U+20AC (decimal 8364)
   defining Unicode char U+20B1 (decimal 8369)
   defining Unicode char U+2103 (decimal 8451)
   defining Unicode char U+2116 (decimal 8470)
   defining Unicode char U+2117 (decimal 8471)
   defining Unicode char U+211E (decimal 8478)
   defining Unicode char U+2120 (decimal 8480)
   defining Unicode char U+2122 (decimal 8482)
   defining Unicode char U+2126 (decimal 8486)
   defining Unicode char U+2127 (decimal 8487)
   defining Unicode char U+212E (decimal 8494)
   defining Unicode char U+2190 (decimal 8592)
   defining Unicode char U+2191 (decimal 8593)
   defining Unicode char U+2192 (decimal 8594)
   defining Unicode char U+2193 (decimal 8595)
   defining Unicode char U+2329 (decimal 9001)
   defining Unicode char U+232A (decimal 9002)
   defining Unicode char U+2422 (decimal 9250)
   defining Unicode char U+25E6 (decimal 9702)
   defining Unicode char U+25EF (decimal 9711)
   defining Unicode char U+266A (decimal 9834)
))
LaTeX Info: Redefining \oldstylenums on input line 266.
Package textcomp Info: Setting cmr sub-encoding to TS1/0 on input line 281.
Package textcomp Info: Setting cmss sub-encoding to TS1/0 on input line 282.
Package textcomp Info: Setting cmtt sub-encoding to TS1/0 on input line 283.
Package textcomp Info: Setting cmvtt sub-encoding to TS1/0 on input line 284.
Package textcomp Info: Setting cmbr sub-encoding to TS1/0 on input line 285.
Package textcomp Info: Setting cmtl sub-encoding to TS1/0 on input line 286.
Package textcomp Info: Setting ccr sub-encoding to TS1/0 on input line 287.
Package textcomp Info: Setting ptm sub-encoding to TS1/4 on input line 288.
Package textcomp Info: Setting pcr sub-encoding to TS1/4 on input line 289.
Package textcomp Info: Setting phv sub-encoding to TS1/4 on input line 290.
Package textcomp Info: Setting ppl sub-encoding to TS1/3 on input line 291.
Package textcomp Info: Setting pag sub-encoding to TS1/4 on input line 292.
Package textcomp Info: Setting pbk sub-encoding to TS1/4 on input line 293.
Package textcomp Info: Setting pnc sub-encoding to TS1/4 on input line 294.
Package textcomp Info: Setting pzc sub-encoding to TS1/4 on input line 295.
Package textcomp Info: Setting bch sub-encoding to TS1/4 on input line 296.
Package textcomp Info: Setting put sub-encoding to TS1/5 on input line 297.
Package textcomp Info: Setting uag sub-encoding to TS1/5 on input line 298.
Package textcomp Info: Setting ugq sub-encoding to TS1/5 on input line 299.
Package textcomp Info: Setting ul8 sub-encoding to TS1/4 on input line 300.
Package textcomp Info: Setting ul9 sub-encoding to TS1/4 on input line 301.
Package textcomp Info: Setting augie sub-encoding to TS1/5 on input line 302.
Package textcomp Info: Setting dayrom sub-encoding to TS1/3 on input line 303.
Package textcomp Info: Setting dayroms sub-encoding to TS1/3 on input line 304.

Package textcomp Info: Setting pxr sub-encoding to TS1/0 on input line 305.
Package textcomp Info: Setting pxss sub-encoding to TS1/0 on input line 306.
Package textcomp Info: Setting pxtt sub-encoding to TS1/0 on input line 307.
Package textcomp Info: Setting txr sub-encoding to TS1/0 on input line 308.
Package textcomp Info: Setting txss sub-encoding to TS1/0 on input line 309.
Package textcomp Info: Setting txtt sub-encoding to TS1/0 on input line 310.
Package textcomp Info: Setting lmr sub-encoding to TS1/0 on input line 311.
Package textcomp Info: Setting lmdh sub-encoding to TS1/0 on input line 312.
Package textcomp Info: Setting lmss sub-encoding to TS1/0 on input line 313.
Package textcomp Info: Setting lmssq sub-encoding to TS1/0 on input line 314.
Package textcomp Info: Setting lmvtt sub-encoding to TS1/0 on input line 315.
Package textcomp Info: Setting qhv sub-encoding to TS1/0 on input line 316.
Package textcomp Info: Setting qag sub-encoding to TS1/0 on input line 317.
Package textcomp Info: Setting qbk sub-encoding to TS1/0 on input line 318.
Package textcomp Info: Setting qcr sub-encoding to TS1/0 on input line 319.
Package textcomp Info: Setting qcs sub-encoding to TS1/0 on input line 320.
Package textcomp Info: Setting qpl sub-encoding to TS1/0 on input line 321.
Package textcomp Info: Setting qtm sub-encoding to TS1/0 on input line 322.
Package textcomp Info: Setting qzc sub-encoding to TS1/0 on input line 323.
Package textcomp Info: Setting qhvc sub-encoding to TS1/0 on input line 324.
Package textcomp Info: Setting futs sub-encoding to TS1/4 on input line 325.
Package textcomp Info: Setting futx sub-encoding to TS1/4 on input line 326.
Package textcomp Info: Setting futj sub-encoding to TS1/4 on input line 327.
Package textcomp Info: Setting hlh sub-encoding to TS1/3 on input line 328.
Package textcomp Info: Setting hls sub-encoding to TS1/3 on input line 329.
Package textcomp Info: Setting hlst sub-encoding to TS1/3 on input line 330.
Package textcomp Info: Setting hlct sub-encoding to TS1/5 on input line 331.
Package textcomp Info: Setting hlx sub-encoding to TS1/5 on input line 332.
Package textcomp Info: Setting hlce sub-encoding to TS1/5 on input line 333.
Package textcomp Info: Setting hlcn sub-encoding to TS1/5 on input line 334.
Package textcomp Info: Setting hlcw sub-encoding to TS1/5 on input line 335.
Package textcomp Info: Setting hlcf sub-encoding to TS1/5 on input line 336.
Package textcomp Info: Setting pplx sub-encoding to TS1/3 on input line 337.
Package textcomp Info: Setting pplj sub-encoding to TS1/3 on input line 338.
Package textcomp Info: Setting ptmx sub-encoding to TS1/4 on input line 339.
Package textcomp Info: Setting ptmj sub-encoding to TS1/4 on input line 340.
))
("C:\Program Files\MiKTeX 2.9\tex\latex\listings\lstlang1.sty"
File: lstlang1.sty 2014/09/06 1.5e listings language file
)
("C:\Program Files\MiKTeX 2.9\tex\latex\fancyhdr\fancyhdr.sty"
\fancy@headwidth=\skip55
\f@ncyO@elh=\skip56
\f@ncyO@erh=\skip57
\f@ncyO@olh=\skip58
\f@ncyO@orh=\skip59
\f@ncyO@elf=\skip60
\f@ncyO@erf=\skip61
\f@ncyO@olf=\skip62
\f@ncyO@orf=\skip63
)
("C:\Program Files\MiKTeX 2.9\tex\latex\setspace\setspace.sty"
Package: setspace 2011/12/19 v6.7a set line spacing
)
("C:\Program Files\MiKTeX 2.9\tex\latex\tools\longtable.sty"
Package: longtable 2004/02/01 v4.11 Multi-page Table package (DPC)
\LTleft=\skip64
\LTright=\skip65
\LTpre=\skip66
\LTpost=\skip67
\LTchunksize=\count123
\LTcapwidth=\dimen121
\LT@head=\box32
\LT@firsthead=\box33
\LT@foot=\box34
\LT@lastfoot=\box35
\LT@cols=\count124
\LT@rows=\count125
\c@LT@tables=\count126
\c@LT@chunks=\count127
\LT@p@ftn=\toks26
)
("C:\Program Files\MiKTeX 2.9\tex\latex\hyperref\hyperref.sty"
Package: hyperref 2012/11/06 v6.83m Hypertext links for LaTeX

("C:\Program Files\MiKTeX 2.9\tex\generic\oberdiek\hobsub-hyperref.sty"
Package: hobsub-hyperref 2012/04/25 v1.12 Bundle oberdiek, subset hyperref (HO)


("C:\Program Files\MiKTeX 2.9\tex\generic\oberdiek\hobsub-generic.sty"
Package: hobsub-generic 2012/04/25 v1.12 Bundle oberdiek, subset generic (HO)
Package: hobsub 2012/04/25 v1.12 Construct package bundles (HO)
Package hobsub Info: Skipping package `infwarerr' (already loaded).
Package hobsub Info: Skipping package `ltxcmds' (already loaded).
Package: ifluatex 2010/03/01 v1.3 Provides the ifluatex switch (HO)
Package ifluatex Info: LuaTeX not detected.
Package: ifvtex 2010/03/01 v1.5 Detect VTeX and its facilities (HO)
Package ifvtex Info: VTeX not detected.
Package: intcalc 2007/09/27 v1.1 Expandable calculations with integers (HO)
Package: ifpdf 2011/01/30 v2.3 Provides the ifpdf switch (HO)
Package ifpdf Info: pdfTeX in PDF mode is detected.
Package: etexcmds 2011/02/16 v1.5 Avoid name clashes with e-TeX commands (HO)
Package etexcmds Info: Could not find \expanded.
(etexcmds)             That can mean that you are not using pdfTeX 1.50 or
(etexcmds)             that some package has redefined \expanded.
(etexcmds)             In the latter case, load this package earlier.
Package: kvsetkeys 2012/04/25 v1.16 Key value parser (HO)
Package: kvdefinekeys 2011/04/07 v1.3 Define keys (HO)
Package: pdftexcmds 2011/11/29 v0.20 Utility functions of pdfTeX for LuaTeX (HO
)
Package pdftexcmds Info: LuaTeX not detected.
Package pdftexcmds Info: \pdf@primitive is available.
Package pdftexcmds Info: \pdf@ifprimitive is available.
Package pdftexcmds Info: \pdfdraftmode found.
Package: pdfescape 2011/11/25 v1.13 Implements pdfTeX's escape features (HO)
Package: bigintcalc 2012/04/08 v1.3 Expandable calculations on big integers (HO
)
Package: bitset 2011/01/30 v1.1 Handle bit-vector datatype (HO)
Package: uniquecounter 2011/01/30 v1.2 Provide unlimited unique counter (HO)
)
Package hobsub Info: Skipping package `hobsub' (already loaded).
Package: letltxmacro 2010/09/02 v1.4 Let assignment for LaTeX macros (HO)
Package: hopatch 2011/06/24 v1.1 Wrapper for package hooks (HO)
Package: xcolor-patch 2011/01/30 xcolor patch
Package: atveryend 2011/06/30 v1.8 Hooks at the very end of document (HO)
Package atveryend Info: \enddocument detected (standard20110627).
Package: atbegshi 2011/10/05 v1.16 At begin shipout hook (HO)
Package: refcount 2011/10/16 v3.4 Data extraction from label references (HO)
Package: hycolor 2011/01/30 v1.7 Color options for hyperref/bookmark (HO)
)
("C:\Program Files\MiKTeX 2.9\tex\generic\ifxetex\ifxetex.sty"
Package: ifxetex 2010/09/12 v0.6 Provides ifxetex conditional
)
("C:\Program Files\MiKTeX 2.9\tex\latex\oberdiek\auxhook.sty"
Package: auxhook 2011/03/04 v1.3 Hooks for auxiliary files (HO)
)
("C:\Program Files\MiKTeX 2.9\tex\latex\oberdiek\kvoptions.sty"
Package: kvoptions 2011/06/30 v3.11 Key value format for package options (HO)
)
\@linkdim=\dimen122
\Hy@linkcounter=\count128
\Hy@pagecounter=\count129

("C:\Program Files\MiKTeX 2.9\tex\latex\hyperref\pd1enc.def"
File: pd1enc.def 2012/11/06 v6.83m Hyperref: PDFDocEncoding definition (HO)
Now handling font encoding PD1 ...
... no UTF-8 mapping file for font encoding PD1
)
\Hy@SavedSpaceFactor=\count130

("C:\Program Files\MiKTeX 2.9\tex\latex\00miktex\hyperref.cfg"
File: hyperref.cfg 2002/06/06 v1.2 hyperref configuration of TeXLive
)
Package hyperref Info: Option `colorlinks' set `true' on input line 4319.
Package hyperref Info: Hyper figures OFF on input line 4443.
Package hyperref Info: Link nesting OFF on input line 4448.
Package hyperref Info: Hyper index ON on input line 4451.
Package hyperref Info: Plain pages OFF on input line 4458.
Package hyperref Info: Backreferencing OFF on input line 4463.
Package hyperref Info: Implicit mode ON; LaTeX internals redefined.
Package hyperref Info: Bookmarks ON on input line 4688.
\c@Hy@tempcnt=\count131

("C:\Program Files\MiKTeX 2.9\tex\latex\ltxmisc\url.sty"
\Urlmuskip=\muskip11
Package: url 2006/04/12  ver 3.3  Verb mode for urls, etc.
)
LaTeX Info: Redefining \url on input line 5041.
\XeTeXLinkMargin=\dimen123
\Fld@menulength=\count132
\Field@Width=\dimen124
\Fld@charsize=\dimen125
Package hyperref Info: Hyper figures OFF on input line 6295.
Package hyperref Info: Link nesting OFF on input line 6300.
Package hyperref Info: Hyper index ON on input line 6303.
Package hyperref Info: backreferencing OFF on input line 6310.
Package hyperref Info: Link coloring ON on input line 6313.
Package hyperref Info: Link coloring with OCG OFF on input line 6320.
Package hyperref Info: PDF/A mode OFF on input line 6325.
LaTeX Info: Redefining \ref on input line 6365.
LaTeX Info: Redefining \pageref on input line 6369.
\Hy@abspage=\count133
\c@Item=\count134
\c@Hfootnote=\count135
)

Package hyperref Message: Driver (autodetected): hpdftex.

("C:\Program Files\MiKTeX 2.9\tex\latex\hyperref\hpdftex.def"
File: hpdftex.def 2012/11/06 v6.83m Hyperref driver for pdfTeX
\Fld@listcount=\count136
\c@bookmark@seq@number=\count137

("C:\Program Files\MiKTeX 2.9\tex\latex\oberdiek\rerunfilecheck.sty"
Package: rerunfilecheck 2011/04/15 v1.7 Rerun checks for auxiliary files (HO)
Package uniquecounter Info: New unique counter `rerunfilecheck' on input line 2
82.
)
\Hy@SectionHShift=\skip68
)
Package hyperref Info: Option `bookmarksnumbered' set `true' on input line 27.

("C:\Program Files\MiKTeX 2.9\tex\latex\geometry\geometry.sty"
Package: geometry 2010/09/12 v5.6 Page Geometry
\Gm@cnth=\count138
\Gm@cntv=\count139
\c@Gm@tempcnt=\count140
\Gm@bindingoffset=\dimen126
\Gm@wd@mp=\dimen127
\Gm@odd@mp=\dimen128
\Gm@even@mp=\dimen129
\Gm@layoutwidth=\dimen130
\Gm@layoutheight=\dimen131
\Gm@layouthoffset=\dimen132
\Gm@layoutvoffset=\dimen133
\Gm@dimlist=\toks27

("C:\Program Files\MiKTeX 2.9\tex\latex\geometry\geometry.cfg"))

LaTeX Warning: Unused global option(s):
    [4pt].


(C:\Users\SilviaC\Documents\ing_inf_aut\sicurezza_informatica\appunti_sicurezza
_informatica_unipg\Appunti.aux)
LaTeX Font Info:    Checking defaults for OML/cmm/m/it on input line 34.
LaTeX Font Info:    ... okay on input line 34.
LaTeX Font Info:    Checking defaults for T1/cmr/m/n on input line 34.
LaTeX Font Info:    ... okay on input line 34.
LaTeX Font Info:    Checking defaults for OT1/cmr/m/n on input line 34.
LaTeX Font Info:    ... okay on input line 34.
LaTeX Font Info:    Checking defaults for OMS/cmsy/m/n on input line 34.
LaTeX Font Info:    ... okay on input line 34.
LaTeX Font Info:    Checking defaults for OMX/cmex/m/n on input line 34.
LaTeX Font Info:    ... okay on input line 34.
LaTeX Font Info:    Checking defaults for U/cmr/m/n on input line 34.
LaTeX Font Info:    ... okay on input line 34.
LaTeX Font Info:    Checking defaults for TS1/cmr/m/n on input line 34.
LaTeX Font Info:    Try loading font information for TS1+cmr on input line 34.

("C:\Program Files\MiKTeX 2.9\tex\latex\base\ts1cmr.fd"
File: ts1cmr.fd 1999/05/25 v2.5h Standard LaTeX font definitions
)
LaTeX Font Info:    ... okay on input line 34.
LaTeX Font Info:    Checking defaults for PD1/pdf/m/n on input line 34.
LaTeX Font Info:    ... okay on input line 34.
LaTeX Font Info:    Try loading font information for T1+lmr on input line 34.

("C:\Program Files\MiKTeX 2.9\tex\latex\lm\t1lmr.fd"
File: t1lmr.fd 2009/10/30 v1.6 Font defs for Latin Modern
)
("C:\Program Files\MiKTeX 2.9\tex\context\base\supp-pdf.mkii"
[Loading MPS to PDF converter (version 2006.09.02).]
\scratchcounter=\count141
\scratchdimen=\dimen134
\scratchbox=\box36
\nofMPsegments=\count142
\nofMParguments=\count143
\everyMPshowfont=\toks28
\MPscratchCnt=\count144
\MPscratchDim=\dimen135
\MPnumerator=\count145
\makeMPintoPDFobject=\count146
\everyMPtoPDFconversion=\toks29
)
\c@lstlisting=\count147
\AtBeginShipoutBox=\box37
Package hyperref Info: Link coloring ON on input line 34.
 ("C:\Program Files\MiKTeX 2.9\tex\latex\hyperref\nameref.sty"
Package: nameref 2012/10/27 v2.43 Cross-referencing by name of section

("C:\Program Files\MiKTeX 2.9\tex\generic\oberdiek\gettitlestring.sty"
Package: gettitlestring 2010/12/03 v1.4 Cleanup title references (HO)
)
\c@section@level=\count148
)
LaTeX Info: Redefining \ref on input line 34.
LaTeX Info: Redefining \pageref on input line 34.
LaTeX Info: Redefining \nameref on input line 34.

(C:\Users\SilviaC\Documents\ing_inf_aut\sicurezza_informatica\appunti_sicurezza
_informatica_unipg\Appunti.out)
(C:\Users\SilviaC\Documents\ing_inf_aut\sicurezza_informatica\appunti_sicurezza
_informatica_unipg\Appunti.out)
\@outlinefile=\write3

*geometry* driver: auto-detecting
*geometry* detected driver: pdftex
*geometry* verbose mode - [ preamble ] result:
* driver: pdftex
* paper: a4paper
* layout: <same size as paper>
* layoutoffset:(h,v)=(0.0pt,0.0pt)
* modes: 
* h-part:(L,W,R)=(89.62709pt, 418.25368pt, 89.6271pt)
* v-part:(T,H,B)=(101.40665pt, 591.5302pt, 152.11pt)
* \paperwidth=597.50787pt
* \paperheight=845.04684pt
* \textwidth=418.25368pt
* \textheight=666.5302pt
* \oddsidemargin=30.0pt
* \evensidemargin=17.3571pt
* \topmargin=-0.93083pt
* \headheight=12.0pt
* \headsep=18.06749pt
* \topskip=10.0pt
* \footskip=25.29494pt
* \marginparwidth=61.0pt
* \marginparsep=7.0pt
* \columnsep=10.0pt
* \skip\footins=9.0pt plus 4.0pt minus 2.0pt
* \hoffset=0.0pt
* \voffset=0.0pt
* \mag=1000
* \@twocolumnfalse
* \@twosidefalse
* \@mparswitchfalse
* \@reversemarginfalse
* (1in=72.27pt=25.4mm, 1cm=28.453pt)

<Immagini/logo.png, id=215, 269.3262pt x 269.3262pt>
File: Immagini/logo.png Graphic file (type png)
 <use Immagini/logo.png>
Package pdftex.def Info: Immagini/logo.png used on input line 39.
(pdftex.def)             Requested size: 170.71652pt x 170.72435pt.

[1


{C:/ProgramData/MiKTeX/2.9/pdftex/config/pdftex.map} <C:/Users/SilviaC/Document
s/ing_inf_aut/sicurezza_informatica/appunti_sicurezza_informatica_unipg/Immagin
i/logo.png>]

Package Fancyhdr Warning: \fancyhead's `E' option without twoside option is use
less on input line 67.


Package Fancyhdr Warning: \fancyhead's `E' option without twoside option is use
less on input line 68.


(C:\Users\SilviaC\Documents\ing_inf_aut\sicurezza_informatica\appunti_sicurezza
_informatica_unipg\Appunti.toc
LaTeX Font Info:    Try loading font information for OT1+lmr on input line 3.

("C:\Program Files\MiKTeX 2.9\tex\latex\lm\ot1lmr.fd"
File: ot1lmr.fd 2009/10/30 v1.6 Font defs for Latin Modern
)
LaTeX Font Info:    Try loading font information for OML+lmm on input line 3.

("C:\Program Files\MiKTeX 2.9\tex\latex\lm\omllmm.fd"
File: omllmm.fd 2009/10/30 v1.6 Font defs for Latin Modern
)
LaTeX Font Info:    Try loading font information for OMS+lmsy on input line 3.

("C:\Program Files\MiKTeX 2.9\tex\latex\lm\omslmsy.fd"
File: omslmsy.fd 2009/10/30 v1.6 Font defs for Latin Modern
)
LaTeX Font Info:    Try loading font information for OMX+lmex on input line 3.

("C:\Program Files\MiKTeX 2.9\tex\latex\lm\omxlmex.fd"
File: omxlmex.fd 2009/10/30 v1.6 Font defs for Latin Modern
)
LaTeX Font Info:    External font `lmex10' loaded for size
(Font)              <10> on input line 3.
LaTeX Font Info:    External font `lmex10' loaded for size
(Font)              <7> on input line 3.
LaTeX Font Info:    External font `lmex10' loaded for size
(Font)              <5> on input line 3.
LaTeX Font Info:    Try loading font information for U+msa on input line 3.

("C:\Program Files\MiKTeX 2.9\tex\latex\amsfonts\umsa.fd"
File: umsa.fd 2013/01/14 v3.01 AMS symbols A
)
LaTeX Font Info:    Try loading font information for U+msb on input line 3.

("C:\Program Files\MiKTeX 2.9\tex\latex\amsfonts\umsb.fd"
File: umsb.fd 2013/01/14 v3.01 AMS symbols B
)pdfTeX warning (ext4): destination with the same identifier (name{page.1}) has
 been already used, duplicate ignored
<to be read again> 
                   \relax 
l.94 ...FeedBack Mode (OFB)}{33}{subsection.3.2.3}
                                                   [1

])
\tf@toc=\write4

(C:\Users\SilviaC\Documents\ing_inf_aut\sicurezza_informatica\appunti_sicurezza
_informatica_unipg\Capitolo_1.tex [2]
Capitolo 1.
LaTeX Font Info:    Try loading font information for TS1+lmr on input line 9.
("C:\Program Files\MiKTeX 2.9\tex\latex\lm\ts1lmr.fd"
File: ts1lmr.fd 2009/10/30 v1.6 Font defs for Latin Modern
)

LaTeX Warning: Citation `wikiSecurity' on page 3 undefined on input line 9.


LaTeX Warning: Citation `isecomSecurity' on page 3 undefined on input line 10.

[3

] [4]
<Immagini/Capitolo1/venn_security.png, id=303, 519.44063pt x 479.54156pt>
File: Immagini/Capitolo1/venn_security.png Graphic file (type png)

<use Immagini/Capitolo1/venn_security.png>
Package pdftex.def Info: Immagini/Capitolo1/venn_security.png used on input lin
e 88.
(pdftex.def)             Requested size: 199.16492pt x 183.86673pt.

Underfull \hbox (badness 10000) in paragraph at lines 94--95

 []

[5 <C:/Users/SilviaC/Documents/ing_inf_aut/sicurezza_informatica/appunti_sicure
zza_informatica_unipg/Immagini/Capitolo1/venn_security.png>]
Underfull \hbox (badness 10000) in paragraph at lines 104--106

 []


Underfull \hbox (badness 10000) in paragraph at lines 108--109

 []


Underfull \hbox (badness 10000) in paragraph at lines 122--123

 []

[6] [7] [8]
Underfull \hbox (badness 10000) in paragraph at lines 194--196

 []

[9] [10]
<Immagini/Capitolo1/schema_blocchi_crittografia.png, id=357, 405.76593pt x 63.9
8906pt>
File: Immagini/Capitolo1/schema_blocchi_crittografia.png Graphic file (type png
)
 <use Immagini/Capitolo1/schema_blocchi_crittografia.png>
Package pdftex.def Info: Immagini/Capitolo1/schema_blocchi_crittografia.png use
d on input line 254.
(pdftex.def)             Requested size: 341.44164pt x 53.84514pt.
 [11 <C:/Users/SilviaC/Documents/ing_inf_aut/sicurezza_informatica/appunti_sicu
rezza_informatica_unipg/Immagini/Capitolo1/schema_blocchi_crittografia.png>] [1
2]
<Immagini/Capitolo1/attacco_solo_tc.png, id=369, 353.06906pt x 225.09094pt>
File: Immagini/Capitolo1/attacco_solo_tc.png Graphic file (type png)

<use Immagini/Capitolo1/attacco_solo_tc.png>
Package pdftex.def Info: Immagini/Capitolo1/attacco_solo_tc.png used on input l
ine 304.
(pdftex.def)             Requested size: 341.4368pt x 217.67505pt.
 [13 <C:/Users/SilviaC/Documents/ing_inf_aut/sicurezza_informatica/appunti_sicu
rezza_informatica_unipg/Immagini/Capitolo1/attacco_solo_tc.png>]
<Immagini/Capitolo1/tab_attacchi_cifrari.png, id=383, 554.82281pt x 290.58563pt
>
File: Immagini/Capitolo1/tab_attacchi_cifrari.png Graphic file (type png)
 <use Immagini/Capitolo1/tab_attacchi_cifrari.png>
Package pdftex.def Info: Immagini/Capitolo1/tab_attacchi_cifrari.png used on in
put line 346.
(pdftex.def)             Requested size: 426.7916pt x 223.52992pt.

Overfull \hbox (8.53792pt too wide) in paragraph at lines 346--347
 [][] 
 []

<Immagini/Capitolo1/tab_tempi.png, id=384, 539.76656pt x 201.00093pt>
File: Immagini/Capitolo1/tab_tempi.png Graphic file (type png)

<use Immagini/Capitolo1/tab_tempi.png>
Package pdftex.def Info: Immagini/Capitolo1/tab_tempi.png used on input line 35
2.
(pdftex.def)             Requested size: 455.25395pt x 169.5297pt.

Overfull \hbox (37.00027pt too wide) in paragraph at lines 352--353
 [][] 
 []

[14] [15 <C:/Users/SilviaC/Documents/ing_inf_aut/sicurezza_informatica/appunti_
sicurezza_informatica_unipg/Immagini/Capitolo1/tab_attacchi_cifrari.png> <C:/Us
ers/SilviaC/Documents/ing_inf_aut/sicurezza_informatica/appunti_sicurezza_infor
matica_unipg/Immagini/Capitolo1/tab_tempi.png>]
<Immagini/Capitolo1/access_control_matrix_ex.png, id=402, 522.45187pt x 152.820
94pt>
File: Immagini/Capitolo1/access_control_matrix_ex.png Graphic file (type png)
 <use Immagini/Capitolo1/access_control_matrix_ex.png>
Package pdftex.def Info: Immagini/Capitolo1/access_control_matrix_ex.png used o
n input line 378.
(pdftex.def)             Requested size: 369.89113pt x 108.1958pt.

<Immagini/Capitolo1/access_control_list_ex.png, id=403, 288.3272pt x 140.02313p
t>
File: Immagini/Capitolo1/access_control_list_ex.png Graphic file (type png)
 <use Immagini/Capitolo1/access_control_list_ex.png>
Package pdftex.def Info: Immagini/Capitolo1/access_control_list_ex.png used on 
input line 399.
(pdftex.def)             Requested size: 284.53848pt x 138.18318pt.
 [16 <C:/Users/SilviaC/Documents/ing_inf_aut/sicurezza_informatica/appunti_sicu
rezza_informatica_unipg/Immagini/Capitolo1/access_control_matrix_ex.png>]
<Immagini/Capitolo1/CAC_ex.png, id=411, 553.31718pt x 191.9672pt>
File: Immagini/Capitolo1/CAC_ex.png Graphic file (type png)

<use Immagini/Capitolo1/CAC_ex.png>
Package pdftex.def Info: Immagini/Capitolo1/CAC_ex.png used on input line 420.
(pdftex.def)             Requested size: 284.52672pt x 98.71335pt.

Underfull \hbox (badness 10000) in paragraph at lines 424--426

 []

[17 <C:/Users/SilviaC/Documents/ing_inf_aut/sicurezza_informatica/appunti_sicur
ezza_informatica_unipg/Immagini/Capitolo1/access_control_list_ex.png>]
<Immagini/Capitolo1/RBAC_arch.png, id=420, 463.7325pt x 258.9675pt>
File: Immagini/Capitolo1/RBAC_arch.png Graphic file (type png)

<use Immagini/Capitolo1/RBAC_arch.png>
Package pdftex.def Info: Immagini/Capitolo1/RBAC_arch.png used on input line 44
3.
(pdftex.def)             Requested size: 284.53218pt x 158.89458pt.

<Immagini/Capitolo1/RBAC_ger.png, id=421, 499.8675pt x 311.66437pt>
File: Immagini/Capitolo1/RBAC_ger.png Graphic file (type png)

<use Immagini/Capitolo1/RBAC_ger.png>
Package pdftex.def Info: Immagini/Capitolo1/RBAC_ger.png used on input line 452
.
(pdftex.def)             Requested size: 284.53844pt x 177.40799pt.
 [18 <C:/Users/SilviaC/Documents/ing_inf_aut/sicurezza_informatica/appunti_sicu
rezza_informatica_unipg/Immagini/Capitolo1/CAC_ex.png>])
(C:\Users\SilviaC\Documents\ing_inf_aut\sicurezza_informatica\appunti_sicurezza
_informatica_unipg\Capitolo_2.tex [19 <C:/Users/SilviaC/Documents/ing_inf_aut/s
icurezza_informatica/appunti_sicurezza_informatica_unipg/Immagini/Capitolo1/RBA
C_arch.png> <C:/Users/SilviaC/Documents/ing_inf_aut/sicurezza_informatica/appun
ti_sicurezza_informatica_unipg/Immagini/Capitolo1/RBAC_ger.png>]
Capitolo 2.

<Immagini/Capitolo2/segreta_schema_blocchi.png, id=441, 515.67656pt x 141.52875
pt>
File: Immagini/Capitolo2/segreta_schema_blocchi.png Graphic file (type png)
 <use Immagini/Capitolo2/segreta_schema_blocchi.png>
Package pdftex.def Info: Immagini/Capitolo2/segreta_schema_blocchi.png used on 
input line 9.
(pdftex.def)             Requested size: 369.89409pt x 101.51837pt.
 [20

 <C:/Users/SilviaC/Documents/ing_inf_aut/sicurezza_informatica/appunti_sicurezz
a_informatica_unipg/Immagini/Capitolo2/segreta_schema_blocchi.png>]
<Immagini/Capitolo2/strong_auth_secret.png, id=450, 602.25pt x 312.41719pt>
File: Immagini/Capitolo2/strong_auth_secret.png Graphic file (type png)

<use Immagini/Capitolo2/strong_auth_secret.png>
Package pdftex.def Info: Immagini/Capitolo2/strong_auth_secret.png used on inpu
t line 40.
(pdftex.def)             Requested size: 369.8991pt x 191.88515pt.

Underfull \hbox (badness 10000) in paragraph at lines 51--53

 []

[21]
Underfull \hbox (badness 10000) in paragraph at lines 55--59

 []


Underfull \hbox (badness 10000) in paragraph at lines 55--59

 []

[22 <C:/Users/SilviaC/Documents/ing_inf_aut/sicurezza_informatica/appunti_sicur
ezza_informatica_unipg/Immagini/Capitolo2/strong_auth_secret.png>]
Underfull \hbox (badness 10000) in paragraph at lines 83--85

 []


Underfull \hbox (badness 10000) in paragraph at lines 87--92

 []


Underfull \hbox (badness 10000) in paragraph at lines 87--92

 []


Underfull \hbox (badness 10000) in paragraph at lines 87--92

 []

[23]

LaTeX Warning: Command \textellipsis invalid in math mode on input line 104.


LaTeX Warning: Command \textellipsis invalid in math mode on input line 104.


LaTeX Warning: Command \textellipsis invalid in math mode on input line 104.

<Immagini/Capitolo2/block_cipher.png, id=472, 562.35094pt x 434.37282pt>
File: Immagini/Capitolo2/block_cipher.png Graphic file (type png)

<use Immagini/Capitolo2/block_cipher.png>
Package pdftex.def Info: Immagini/Capitolo2/block_cipher.png used on input line
 108.
(pdftex.def)             Requested size: 369.88281pt x 285.706pt.

Underfull \hbox (badness 10000) in paragraph at lines 113--114

 []


Underfull \hbox (badness 10000) in paragraph at lines 113--114

 []


Underfull \hbox (badness 10000) in paragraph at lines 115--116

 []


Underfull \hbox (badness 10000) in paragraph at lines 115--116

 []

[24] [25 <C:/Users/SilviaC/Documents/ing_inf_aut/sicurezza_informatica/appunti_
sicurezza_informatica_unipg/Immagini/Capitolo2/block_cipher.png>]
Underfull \hbox (badness 10000) in paragraph at lines 122--124

 []

)
(C:\Users\SilviaC\Documents\ing_inf_aut\sicurezza_informatica\appunti_sicurezza
_informatica_unipg\Capitolo_3.tex [26] [27]
Capitolo 3.

Underfull \hbox (badness 10000) in paragraph at lines 4--6

 []


Underfull \hbox (badness 10000) in paragraph at lines 8--11

 []

<Immagini/Capitolo3/ECB_enc.png, id=494, 379.4175pt x 125.71968pt>
File: Immagini/Capitolo3/ECB_enc.png Graphic file (type png)

<use Immagini/Capitolo3/ECB_enc.png>
Package pdftex.def Info: Immagini/Capitolo3/ECB_enc.png used on input line 31.
(pdftex.def)             Requested size: 341.43785pt x 113.13513pt.

<Immagini/Capitolo3/ECB_dec.png, id=495, 379.4175pt x 125.71968pt>
File: Immagini/Capitolo3/ECB_dec.png Graphic file (type png)

<use Immagini/Capitolo3/ECB_dec.png>
Package pdftex.def Info: Immagini/Capitolo3/ECB_dec.png used on input line 34.
(pdftex.def)             Requested size: 341.43785pt x 113.13513pt.
 [28

]
<Immagini/Capitolo3/File_salari.png, id=500, 934.99312pt x 460.72125pt>
File: Immagini/Capitolo3/File_salari.png Graphic file (type png)

<use Immagini/Capitolo3/File_salari.png>
Package pdftex.def Info: Immagini/Capitolo3/File_salari.png used on input line 
42.
(pdftex.def)             Requested size: 284.52335pt x 140.1999pt.

Underfull \hbox (badness 10000) in paragraph at lines 38--48

 []

[29 <C:/Users/SilviaC/Documents/ing_inf_aut/sicurezza_informatica/appunti_sicur
ezza_informatica_unipg/Immagini/Capitolo3/ECB_enc.png> <C:/Users/SilviaC/Docume
nts/ing_inf_aut/sicurezza_informatica/appunti_sicurezza_informatica_unipg/Immag
ini/Capitolo3/ECB_dec.png> <C:/Users/SilviaC/Documents/ing_inf_aut/sicurezza_in
formatica/appunti_sicurezza_informatica_unipg/Immagini/Capitolo3/File_salari.pn
g>]
<Immagini/Capitolo3/rand_ele_cb_enc.png, id=517, 378.66469pt x 106.89937pt>
File: Immagini/Capitolo3/rand_ele_cb_enc.png Graphic file (type png)

<use Immagini/Capitolo3/rand_ele_cb_enc.png>
Package pdftex.def Info: Immagini/Capitolo3/rand_ele_cb_enc.png used on input l
ine 72.
(pdftex.def)             Requested size: 284.52939pt x 80.32437pt.
 [30 <C:/Users/SilviaC/Documents/ing_inf_aut/sicurezza_informatica/appunti_sicu
rezza_informatica_unipg/Immagini/Capitolo3/rand_ele_cb_enc.png>]
<Immagini/Capitolo3/CBC_enc.png, id=529, 379.4175pt x 106.89937pt>
File: Immagini/Capitolo3/CBC_enc.png Graphic file (type png)

<use Immagini/Capitolo3/CBC_enc.png>
Package pdftex.def Info: Immagini/Capitolo3/CBC_enc.png used on input line 95.
(pdftex.def)             Requested size: 341.43785pt x 96.19873pt.

<Immagini/Capitolo3/CBC_dec.png, id=530, 380.92313pt x 107.65219pt>
File: Immagini/Capitolo3/CBC_dec.png Graphic file (type png)

<use Immagini/Capitolo3/CBC_dec.png>
Package pdftex.def Info: Immagini/Capitolo3/CBC_dec.png used on input line 98.
(pdftex.def)             Requested size: 341.44427pt x 96.49512pt.

Underfull \hbox (badness 10000) in paragraph at lines 101--106

 []

[31 <C:/Users/SilviaC/Documents/ing_inf_aut/sicurezza_informatica/appunti_sicur
ezza_informatica_unipg/Immagini/Capitolo3/CBC_enc.png> <C:/Users/SilviaC/Docume
nts/ing_inf_aut/sicurezza_informatica/appunti_sicurezza_informatica_unipg/Immag
ini/Capitolo3/CBC_dec.png>]
<Immagini/Capitolo3/modifica_blk_cifrati.png, id=543, 619.56468pt x 244.66406pt
>
File: Immagini/Capitolo3/modifica_blk_cifrati.png Graphic file (type png)
 <use Immagini/Capitolo3/modifica_blk_cifrati.png>
Package pdftex.def Info: Immagini/Capitolo3/modifica_blk_cifrati.png used on in
put line 115.
(pdftex.def)             Requested size: 288.20804pt x 113.81241pt.

Underfull \hbox (badness 10000) in paragraph at lines 107--122

 []


<Immagini/Capitolo3/riarrangiamento_blk_cifrati.png, id=545, 380.92313pt x 107.
65219pt>
File: Immagini/Capitolo3/riarrangiamento_blk_cifrati.png Graphic file (type png
)
 <use Immagini/Capitolo3/riarrangiamento_blk_cifrati.png>
Package pdftex.def Info: Immagini/Capitolo3/riarrangiamento_blk_cifrati.png use
d on input line 127.
(pdftex.def)             Requested size: 302.04195pt x 85.35966pt.

Underfull \hbox (badness 10000) in paragraph at lines 123--138

 []


Underfull \hbox (badness 10000) in paragraph at lines 123--138

 []

[32 <C:/Users/SilviaC/Documents/ing_inf_aut/sicurezza_informatica/appunti_sicur
ezza_informatica_unipg/Immagini/Capitolo3/modifica_blk_cifrati.png>]

LaTeX Warning: Command \textellipsis invalid in math mode on input line 145.


LaTeX Warning: Command \textellipsis invalid in math mode on input line 145.

<Immagini/Capitolo3/OFB_enc.png, id=556, 545.78906pt x 155.83218pt>
File: Immagini/Capitolo3/OFB_enc.png Graphic file (type png)

<use Immagini/Capitolo3/OFB_enc.png>
Package pdftex.def Info: Immagini/Capitolo3/OFB_enc.png used on input line 150.

(pdftex.def)             Requested size: 341.43378pt x 97.48523pt.

<Immagini/Capitolo3/OFB_dec.png, id=558, 559.33969pt x 164.86594pt>
File: Immagini/Capitolo3/OFB_dec.png Graphic file (type png)

<use Immagini/Capitolo3/OFB_dec.png>
Package pdftex.def Info: Immagini/Capitolo3/OFB_dec.png used on input line 158.

(pdftex.def)             Requested size: 341.44421pt x 100.641pt.

Overfull \hbox (43.67485pt too wide) in paragraph at lines 145--161
\T1/lmr/m/n/10 Il one-time pad (key-stream) ri-sul-tan-te  da-to dal-la se-que
n-za $\OML/lmm/m/it/10 OTP \OT1/lmr/m/n/10 = \OML/lmm/m/it/10 OTP\OT1/lmr/m/n/1
0 (\OML/lmm/m/it/10 K; IV\OT1/lmr/m/n/10 ) = \OML/lmm/m/it/10 b[]\OMS/lmsy/m/n/
10 j\OML/lmm/m/it/10 b[]\OMS/lmsy/m/n/10 j\OML/lmm/m/it/10 b[]\OMS/lmsy/m/n/10 
j\OML/lmm/m/it/10 :::\OMS/lmsy/m/n/10 j\OML/lmm/m/it/10 b[]\OMS/lmsy/m/n/10 j\O
ML/lmm/m/it/10 b[]\OMS/lmsy/m/n/10 j\OML/lmm/m/it/10 :::$\T1/lmr/m/n/10 .
 []

[33 <C:/Users/SilviaC/Documents/ing_inf_aut/sicurezza_informatica/appunti_sicur
ezza_informatica_unipg/Immagini/Capitolo3/riarrangiamento_blk_cifrati.png>]
<Immagini/Capitolo3/k-bit_OFB.png, id=568, 379.4175pt x 182.18062pt>
File: Immagini/Capitolo3/k-bit_OFB.png Graphic file (type png)

<use Immagini/Capitolo3/k-bit_OFB.png>
Package pdftex.def Info: Immagini/Capitolo3/k-bit_OFB.png used on input line 17
9.
(pdftex.def)             Requested size: 237.02534pt x 113.80977pt.
 [34 <C:/Users/SilviaC/Documents/ing_inf_aut/sicurezza_informatica/appunti_sicu
rezza_informatica_unipg/Immagini/Capitolo3/OFB_enc.png> <C:/Users/SilviaC/Docum
ents/ing_inf_aut/sicurezza_informatica/appunti_sicurezza_informatica_unipg/Imma
gini/Capitolo3/OFB_dec.png>]
<Immagini/Capitolo3/k-bit_CFB.png, id=578, 379.4175pt x 182.18062pt>
File: Immagini/Capitolo3/k-bit_CFB.png Graphic file (type png)

<use Immagini/Capitolo3/k-bit_CFB.png>
Package pdftex.def Info: Immagini/Capitolo3/k-bit_CFB.png used on input line 19
2.
(pdftex.def)             Requested size: 237.02534pt x 113.80977pt.


LaTeX Warning: Command \textquoteright invalid in math mode on input line 203.


LaTeX Warning: Command \textquoteright invalid in math mode on input line 203.


LaTeX Warning: Command \textellipsis invalid in math mode on input line 203.

[35 <C:/Users/SilviaC/Documents/ing_inf_aut/sicurezza_informatica/appunti_sicur
ezza_informatica_unipg/Immagini/Capitolo3/k-bit_OFB.png> <C:/Users/SilviaC/Docu
ments/ing_inf_aut/sicurezza_informatica/appunti_sicurezza_informatica_unipg/Imm
agini/Capitolo3/k-bit_CFB.png>]
<Immagini/Capitolo3/CTR.png, id=589, 188.95593pt x 128.73094pt>
File: Immagini/Capitolo3/CTR.png Graphic file (type png)

<use Immagini/Capitolo3/CTR.png>
Package pdftex.def Info: Immagini/Capitolo3/CTR.png used on input line 217.
(pdftex.def)             Requested size: 167.0602pt x 113.8139pt.

Underfull \hbox (badness 10000) in paragraph at lines 221--223

 []

[36 <C:/Users/SilviaC/Documents/ing_inf_aut/sicurezza_informatica/appunti_sicur
ezza_informatica_unipg/Immagini/Capitolo3/CTR.png>]
Underfull \hbox (badness 10000) in paragraph at lines 225--230

 []

<Immagini/Capitolo3/residuo_CBC.png, id=598, 376.40625pt x 114.4275pt>
File: Immagini/Capitolo3/residuo_CBC.png Graphic file (type png)

<use Immagini/Capitolo3/residuo_CBC.png>
Package pdftex.def Info: Immagini/Capitolo3/residuo_CBC.png used on input line 
239.
(pdftex.def)             Requested size: 341.45618pt x 103.80267pt.


LaTeX Warning: Command \textquoteright invalid in math mode on input line 242.


LaTeX Warning: Command \textquoteright invalid in math mode on input line 242.


LaTeX Warning: Command \textquoteright invalid in math mode on input line 242.


Underfull \hbox (badness 10000) in paragraph at lines 242--248

 []

[37 <C:/Users/SilviaC/Documents/ing_inf_aut/sicurezza_informatica/appunti_sicur
ezza_informatica_unipg/Immagini/Capitolo3/residuo_CBC.png>]
<Immagini/Capitolo3/residuo_CBC_1.png, id=606, 376.40625pt x 106.14656pt>
File: Immagini/Capitolo3/residuo_CBC_1.png Graphic file (type png)

<use Immagini/Capitolo3/residuo_CBC_1.png>
Package pdftex.def Info: Immagini/Capitolo3/residuo_CBC_1.png used on input lin
e 258.
(pdftex.def)             Requested size: 341.45618pt x 96.29063pt.

<Immagini/Capitolo3/residuo_CBC_2.png, id=608, 376.40625pt x 115.18031pt>
File: Immagini/Capitolo3/residuo_CBC_2.png Graphic file (type png)

<use Immagini/Capitolo3/residuo_CBC_2.png>
Package pdftex.def Info: Immagini/Capitolo3/residuo_CBC_2.png used on input lin
e 271.
(pdftex.def)             Requested size: 341.45618pt x 104.48557pt.


LaTeX Warning: Command \textellipsis invalid in math mode on input line 274.

<Immagini/Capitolo3/residuo_CBC_3.png, id=610, 376.40625pt x 115.18031pt>
File: Immagini/Capitolo3/residuo_CBC_3.png Graphic file (type png)

<use Immagini/Capitolo3/residuo_CBC_3.png>
Package pdftex.def Info: Immagini/Capitolo3/residuo_CBC_3.png used on input lin
e 279.
(pdftex.def)             Requested size: 341.45618pt x 104.48557pt.

Underfull \hbox (badness 10000) in paragraph at lines 254--283

 []


Underfull \hbox (badness 10000) in paragraph at lines 254--283

 []


Underfull \hbox (badness 10000) in paragraph at lines 254--283

 []

[38 <C:/Users/SilviaC/Documents/ing_inf_aut/sicurezza_informatica/appunti_sicur
ezza_informatica_unipg/Immagini/Capitolo3/residuo_CBC_1.png> <C:/Users/SilviaC/
Documents/ing_inf_aut/sicurezza_informatica/appunti_sicurezza_informatica_unipg
/Immagini/Capitolo3/residuo_CBC_2.png>] [39 <C:/Users/SilviaC/Documents/ing_inf
_aut/sicurezza_informatica/appunti_sicurezza_informatica_unipg/Immagini/Capitol
o3/residuo_CBC_3.png>]
<Immagini/Capitolo3/EDE.png, id=627, 368.87813pt x 105.39375pt>
File: Immagini/Capitolo3/EDE.png Graphic file (type png)

<use Immagini/Capitolo3/EDE.png>
Package pdftex.def Info: Immagini/Capitolo3/EDE.png used on input line 322.
(pdftex.def)             Requested size: 199.17433pt x 56.90694pt.

<Immagini/Capitolo3/DED.png, id=629, 377.91188pt x 107.65219pt>
File: Immagini/Capitolo3/DED.png Graphic file (type png)

<use Immagini/Capitolo3/DED.png>
Package pdftex.def Info: Immagini/Capitolo3/DED.png used on input line 329.
(pdftex.def)             Requested size: 199.7676pt x 56.9059pt.

Underfull \hbox (badness 10000) in paragraph at lines 312--332

 []


Underfull \hbox (badness 10000) in paragraph at lines 312--332

 []

<Immagini/Capitolo3/EDE_CBC_Out.png, id=631, 376.40625pt x 165.61874pt>
File: Immagini/Capitolo3/EDE_CBC_Out.png Graphic file (type png)

<use Immagini/Capitolo3/EDE_CBC_Out.png>
Package pdftex.def Info: Immagini/Capitolo3/EDE_CBC_Out.png used on input line 
337.
(pdftex.def)             Requested size: 193.9921pt x 85.3565pt.

<Immagini/Capitolo3/EDE_CBC_In.png, id=633, 376.40625pt x 195.73125pt>
File: Immagini/Capitolo3/EDE_CBC_In.png Graphic file (type png)

<use Immagini/Capitolo3/EDE_CBC_In.png>
Package pdftex.def Info: Immagini/Capitolo3/EDE_CBC_In.png used on input line 3
44.
(pdftex.def)             Requested size: 164.14893pt x 85.35744pt.
 [40])
Underfull \hbox (badness 10000) in paragraph at lines 348--82

 []


Underfull \hbox (badness 10000) in paragraph at lines 348--82

 []


Underfull \hbox (badness 10000) in paragraph at lines 348--82

 []


Underfull \hbox (badness 10000) in paragraph at lines 348--82

 []

[41 <C:/Users/SilviaC/Documents/ing_inf_aut/sicurezza_informatica/appunti_sicur
ezza_informatica_unipg/Immagini/Capitolo3/EDE.png> <C:/Users/SilviaC/Documents/
ing_inf_aut/sicurezza_informatica/appunti_sicurezza_informatica_unipg/Immagini/
Capitolo3/DED.png> <C:/Users/SilviaC/Documents/ing_inf_aut/sicurezza_informatic
a/appunti_sicurezza_informatica_unipg/Immagini/Capitolo3/EDE_CBC_Out.png>]
[42 <C:/Users/SilviaC/Documents/ing_inf_aut/sicurezza_informatica/appunti_sicur
ezza_informatica_unipg/Immagini/Capitolo3/EDE_CBC_In.png>]
No file Appunti.bbl.
Package atveryend Info: Empty hook `BeforeClearDocument' on input line 90.
Package atveryend Info: Empty hook `AfterLastShipout' on input line 90.

(C:\Users\SilviaC\Documents\ing_inf_aut\sicurezza_informatica\appunti_sicurezza
_informatica_unipg\Appunti.aux)
Package atveryend Info: Executing hook `AtVeryEndDocument' on input line 90.
Package atveryend Info: Executing hook `AtEndAfterFileList' on input line 90.
Package rerunfilecheck Info: File `Appunti.out' has not changed.
(rerunfilecheck)             Checksum: A5678569046A9C92691429F1C3413EAB;4778.


LaTeX Warning: There were undefined references.

Package atveryend Info: Empty hook `AtVeryVeryEnd' on input line 90.
 ) 
Here is how much of TeX's memory you used:
 10664 strings out of 493921
 155294 string characters out of 3147276
 242877 words of memory out of 3000000
 13498 multiletter control sequences out of 15000+200000
 76313 words of font info for 51 fonts, out of 3000000 for 9000
 841 hyphenation exceptions out of 8191
 32i,12n,48p,1414b,480s stack positions out of 5000i,500n,10000p,200000b,50000s
{C:/Program Files/MiKTeX 2.9/fonts/enc/dvips/lm/lm-mathsy.enc}{C:/Program Fil
es/MiKTeX 2.9/fonts/enc/dvips/lm/lm-mathex.enc}{C:/Program Files/MiKTeX 2.9/fon
ts/enc/dvips/lm/lm-rm.enc}{C:/Program Files/MiKTeX 2.9/fonts/enc/dvips/lm/lm-ma
thit.enc}{C:/Program Files/MiKTeX 2.9/fonts/enc/dvips/lm/lm-ec.enc}{C:/Program 
Files/MiKTeX 2.9/fonts/enc/dvips/lm/lm-ts1.enc}<C:/Program Files/MiKTeX 2.9/fon
ts/type1/public/lm/lmbx10.pfb><C:/Program Files/MiKTeX 2.9/fonts/type1/public/l
m/lmbx12.pfb><C:/Program Files/MiKTeX 2.9/fonts/type1/public/lm/lmcsc10.pfb><C:
/Program Files/MiKTeX 2.9/fonts/type1/public/lm/lmex10.pfb><C:/Program Files/Mi
KTeX 2.9/fonts/type1/public/lm/lmmi10.pfb><C:/Program Files/MiKTeX 2.9/fonts/ty
pe1/public/lm/lmmi7.pfb><C:/Program Files/MiKTeX 2.9/fonts/type1/public/lm/lmr1
0.pfb><C:/Program Files/MiKTeX 2.9/fonts/type1/public/lm/lmr7.pfb><C:/Program F
iles/MiKTeX 2.9/fonts/type1/public/lm/lmri10.pfb><C:/Program Files/MiKTeX 2.9/f
onts/type1/public/lm/lmri12.pfb><C:/Program Files/MiKTeX 2.9/fonts/type1/public
/lm/lmsy10.pfb><C:/Program Files/MiKTeX 2.9/fonts/type1/public/lm/lmsy5.pfb><C:
/Program Files/MiKTeX 2.9/fonts/type1/public/lm/lmsy7.pfb>
Output written on Appunti.pdf (43 pages, 1613621 bytes).
PDF statistics:
 756 PDF objects out of 1000 (max. 8388607)
 220 named destinations out of 1000 (max. 500000)
 600 words of extra memory for PDF output out of 10000 (max. 10000000)

