\BOOKMARK [0][-]{chapter.1}{1 Introduzione alla sicurezza informatica}{}% 1
\BOOKMARK [1][-]{section.1.1}{1.1 Premessa}{chapter.1}% 2
\BOOKMARK [2][-]{subsection.1.1.1}{1.1.1 Definizione}{section.1.1}% 3
\BOOKMARK [1][-]{section.1.2}{1.2 Concetti fondamentali}{chapter.1}% 4
\BOOKMARK [2][-]{subsection.1.2.1}{1.2.1 Sistema informativo e informatico}{section.1.2}% 5
\BOOKMARK [2][-]{subsection.1.2.2}{1.2.2 Vulnerabilit\340, Minacce, Attacchi, Difesa}{section.1.2}% 6
\BOOKMARK [2][-]{subsection.1.2.3}{1.2.3 Sicurezza informatica: definizione classica e requisiti CIA}{section.1.2}% 7
\BOOKMARK [2][-]{subsection.1.2.4}{1.2.4 Requisiti AAA}{section.1.2}% 8
\BOOKMARK [2][-]{subsection.1.2.5}{1.2.5 Tipologie di Minacce e Attacchi}{section.1.2}% 9
\BOOKMARK [2][-]{subsection.1.2.6}{1.2.6 Principi della Sicurezza Informatica}{section.1.2}% 10
\BOOKMARK [1][-]{section.1.3}{1.3 Fondamenti di Crittografia}{chapter.1}% 11
\BOOKMARK [2][-]{subsection.1.3.1}{1.3.1 Terminologia e definizioni preliminari}{section.1.3}% 12
\BOOKMARK [2][-]{subsection.1.3.2}{1.3.2 Definizione formale di un sistema crittografico}{section.1.3}% 13
\BOOKMARK [2][-]{subsection.1.3.3}{1.3.3 Complessit\340 computazionale}{section.1.3}% 14
\BOOKMARK [2][-]{subsection.1.3.4}{1.3.4 Algoritmo pubblico o segreto?}{section.1.3}% 15
\BOOKMARK [2][-]{subsection.1.3.5}{1.3.5 Attacchi a sistemi crittografici}{section.1.3}% 16
\BOOKMARK [2][-]{subsection.1.3.6}{1.3.6 Tipi di funzioni crittografiche}{section.1.3}% 17
\BOOKMARK [1][-]{section.1.4}{1.4 Modelli di controllo degli accessi \(Access control models\)}{chapter.1}% 18
\BOOKMARK [2][-]{subsection.1.4.1}{1.4.1 Matrice di controllo degli accessi}{section.1.4}% 19
\BOOKMARK [2][-]{subsection.1.4.2}{1.4.2 Liste di controllo degli accessi \(Access Control List ACL\)}{section.1.4}% 20
\BOOKMARK [2][-]{subsection.1.4.3}{1.4.3 Controllod egli accessi basato su liste di capacit\340 \(Capabilities Access Control CAC\)}{section.1.4}% 21
\BOOKMARK [2][-]{subsection.1.4.4}{1.4.4 Controllod egli accessi basato sui ruoli \(Role-Based Access Control RBAC\)}{section.1.4}% 22
\BOOKMARK [0][-]{chapter.2}{2 Secret Key Cryptography}{}% 23
\BOOKMARK [1][-]{section.2.1}{2.1 Introduzione}{chapter.2}% 24
\BOOKMARK [2][-]{subsection.2.1.1}{2.1.1 Impieghi crittografia a chiave segreta}{section.2.1}% 25
\BOOKMARK [2][-]{subsection.2.1.2}{2.1.2 Cifrari a blocchi e cifrari a flusso}{section.2.1}% 26
\BOOKMARK [1][-]{section.2.2}{2.2 Cifratura a blocchi}{chapter.2}% 27
\BOOKMARK [2][-]{subsection.2.2.1}{2.2.1 Introduzione e concetti generali}{section.2.2}% 28
\BOOKMARK [2][-]{subsection.2.2.2}{2.2.2 Sostituzione e Permutazione}{section.2.2}% 29
\BOOKMARK [2][-]{subsection.2.2.3}{2.2.3 Cifrario a blocchi \205 schema generale}{section.2.2}% 30
\BOOKMARK [2][-]{subsection.2.2.4}{2.2.4 Cifrario a blocchi \205 esempio}{section.2.2}% 31
\BOOKMARK [1][-]{section.2.3}{2.3 Data Encryption Standard - DES}{chapter.2}% 32
\BOOKMARK [2][-]{subsection.2.3.1}{2.3.1 Violabilit\340 e sicurezza di DES}{section.2.3}% 33
\BOOKMARK [2][-]{subsection.2.3.2}{2.3.2 DES - Struttura base}{section.2.3}% 34
\BOOKMARK [2][-]{subsection.2.3.3}{2.3.3 DES - Permutazioni dei dati}{section.2.3}% 35
\BOOKMARK [2][-]{subsection.2.3.4}{2.3.4 DES - Generazione chiavi di round}{section.2.3}% 36
\BOOKMARK [2][-]{subsection.2.3.5}{2.3.5 Un round di DES}{section.2.3}% 37
\BOOKMARK [2][-]{subsection.2.3.6}{2.3.6 Mangler Function}{section.2.3}% 38
\BOOKMARK [1][-]{section.2.4}{2.4 Advanced Encryption Standard - AES}{chapter.2}% 39
\BOOKMARK [0][-]{chapter.3}{3 Modes of Operation}{}% 40
\BOOKMARK [1][-]{section.3.1}{3.1 Introduzione}{chapter.3}% 41
\BOOKMARK [1][-]{section.3.2}{3.2 Cifrare messaggi di grandi dimensioni}{chapter.3}% 42
\BOOKMARK [2][-]{subsection.3.2.1}{3.2.1 Electronic Code Book \(ECB\)}{section.3.2}% 43
\BOOKMARK [2][-]{subsection.3.2.2}{3.2.2 Cipher Block Chaining \(CBC\)}{section.3.2}% 44
\BOOKMARK [2][-]{subsection.3.2.3}{3.2.3 Output FeedBack Mode \(OFB\)}{section.3.2}% 45
\BOOKMARK [2][-]{subsection.3.2.4}{3.2.4 k-bit Output FeedBack Mode \(k-OFB\)}{section.3.2}% 46
\BOOKMARK [2][-]{subsection.3.2.5}{3.2.5 Cipher FeedBack Mode \(CFB\)}{section.3.2}% 47
\BOOKMARK [2][-]{subsection.3.2.6}{3.2.6 CounTeR Mode \(CTR\)}{section.3.2}% 48
\BOOKMARK [2][-]{subsection.3.2.7}{3.2.7 Vantaggi e svantaggi di CTR}{section.3.2}% 49
\BOOKMARK [1][-]{section.3.3}{3.3 Generare message authentication code\(MAC\)}{chapter.3}% 50
\BOOKMARK [2][-]{subsection.3.3.1}{3.3.1 Residuo CBC}{section.3.3}% 51
\BOOKMARK [2][-]{subsection.3.3.2}{3.3.2 Assicurare confidenzialit\340 e autenticit\340}{section.3.3}% 52
\BOOKMARK [1][-]{section.3.4}{3.4 Cifratura multipla DES}{chapter.3}% 53
\BOOKMARK [2][-]{subsection.3.4.1}{3.4.1 Cifratura multipla EDE o 3DES}{section.3.4}% 54
\BOOKMARK [2][-]{subsection.3.4.2}{3.4.2 EDE con CBC Outside/Inside}{section.3.4}% 55
\BOOKMARK [0][-]{chapter.4}{4 Funzioni Crittografiche di Hash}{}% 56
\BOOKMARK [1][-]{section.4.1}{4.1 Introduzione}{chapter.4}% 57
\BOOKMARK [1][-]{section.4.2}{4.2 Esempio di Applicazioni}{chapter.4}% 58
\BOOKMARK [1][-]{section.4.3}{4.3 Lunghezza di un messaggio di Digest}{chapter.4}% 59
\BOOKMARK [1][-]{section.4.4}{4.4 Impieghi degli Algoritmi di Hash}{chapter.4}% 60
\BOOKMARK [2][-]{subsection.4.4.1}{4.4.1 Message Digest per MAC}{section.4.4}% 61
\BOOKMARK [2][-]{subsection.4.4.2}{4.4.2 Cifratura/Decifratura}{section.4.4}% 62
\BOOKMARK [2][-]{subsection.4.4.3}{4.4.3 Algoritmi di cifratura come algoritmi di hash}{section.4.4}% 63
\BOOKMARK [2][-]{subsection.4.4.4}{4.4.4 Hash di grandi messaggi con algoritmi di cifratura come hash}{section.4.4}% 64
\BOOKMARK [2][-]{subsection.4.4.5}{4.4.5 Rainbow Tables \(Opzionale\)}{section.4.4}% 65
\BOOKMARK [0][-]{chapter.5}{5 Crittografia a chiave pubblica}{}% 66
\BOOKMARK [1][-]{section.5.1}{5.1 Aritmetica modulare}{chapter.5}% 67
\BOOKMARK [1][-]{section.5.2}{5.2 RSA}{chapter.5}% 68
\BOOKMARK [2][-]{subsection.5.2.1}{5.2.1 Generazione delle chiavi RSA}{section.5.2}% 69
\BOOKMARK [1][-]{section.5.3}{5.3 PKCS}{chapter.5}% 70
\BOOKMARK [1][-]{section.5.4}{5.4 Diffie-Hellman}{chapter.5}% 71
\BOOKMARK [1][-]{section.5.5}{5.5 Zero Knowledge Proof System}{chapter.5}% 72
\BOOKMARK [2][-]{subsection.5.5.1}{5.5.1 ZKAS basato su MSR}{section.5.5}% 73
\BOOKMARK [0][-]{chapter.6}{6 Sicurezza dei Sistemi Operativi}{}% 74
\BOOKMARK [1][-]{section.6.1}{6.1 Meccanismi di Autenticazione}{chapter.6}% 75
\BOOKMARK [2][-]{subsection.6.1.1}{6.1.1 Possibili attacchi}{section.6.1}% 76
\BOOKMARK [2][-]{subsection.6.1.2}{6.1.2 Password Robuste}{section.6.1}% 77
\BOOKMARK [2][-]{subsection.6.1.3}{6.1.3 Password Salt}{section.6.1}% 78
\BOOKMARK [1][-]{section.6.2}{6.2 Sicurezza dei processi}{chapter.6}% 79
\BOOKMARK [2][-]{subsection.6.2.1}{6.2.1 Istruzione Fork}{section.6.2}% 80
\BOOKMARK [2][-]{subsection.6.2.2}{6.2.2 Ulteriori nozioni sui processi - facoltativo}{section.6.2}% 81
\BOOKMARK [2][-]{subsection.6.2.3}{6.2.3 Processi e Utenti}{section.6.2}% 82
\BOOKMARK [1][-]{section.6.3}{6.3 Sicurezza del filesystem}{chapter.6}% 83
\BOOKMARK [2][-]{subsection.6.3.1}{6.3.1 Sicurezza del filesystem Linux}{section.6.3}% 84
\BOOKMARK [2][-]{subsection.6.3.2}{6.3.2 Sicurezza del filesystem Windows}{section.6.3}% 85
\BOOKMARK [1][-]{section.6.4}{6.4 Sicurezza della memoria}{chapter.6}% 86
\BOOKMARK [1][-]{section.6.5}{6.5 Exploit}{chapter.6}% 87
\BOOKMARK [2][-]{subsection.6.5.1}{6.5.1 Buffer Overflow}{section.6.5}% 88
\BOOKMARK [2][-]{subsection.6.5.2}{6.5.2 Stack-Based Buffer Overflow}{section.6.5}% 89
\BOOKMARK [2][-]{subsection.6.5.3}{6.5.3 Esempio codice C}{section.6.5}% 90
\BOOKMARK [2][-]{subsection.6.5.4}{6.5.4 Stack Smashing Attack}{section.6.5}% 91
\BOOKMARK [2][-]{subsection.6.5.5}{6.5.5 NOP Sledding}{section.6.5}% 92
\BOOKMARK [2][-]{subsection.6.5.6}{6.5.6 Trampolining}{section.6.5}% 93
\BOOKMARK [2][-]{subsection.6.5.7}{6.5.7 Return to libc}{section.6.5}% 94
\BOOKMARK [2][-]{subsection.6.5.8}{6.5.8 Contromisure Stack-Based BO}{section.6.5}% 95
\BOOKMARK [2][-]{subsection.6.5.9}{6.5.9 Race Conditions}{section.6.5}% 96
